<?xml version="1.0" encoding="UTF-8"?>
<testsuites name="jest tests" tests="3" failures="1" errors="0" time="1.234">
  <testsuite name="math" errors="0" failures="1" skipped="1" timestamp="2026-09-16T10:00:00" time="0.5" tests="3">
    <testcase classname="math adds numbers" name="math adds numbers" time="0.001">
    </testcase>
    <testcase classname="math divides by zero" name="math divides by zero" time="0.002">
      <failure>Error: expect(received).toThrow()

Received function did not throw
    at Object.&lt;anonymous&gt; (/app/math.test.js:10:5)</failure>
    </testcase>
    <testcase classname="math skipped one" name="math skipped one" time="0">
      <skipped/>
    </testcase>
  </testsuite>
</testsuites>
