<?xml version="1.0" encoding="UTF-8"?>
<testsuites name="nextest-run" tests="3" failures="1" errors="0" uuid="5b0f3a4e-0d7e-4c1e-9d1a-7f7f2f3c9a11" timestamp="2026-09-16T10:00:00.000+00:00" time="0.900">
    <testsuite name="acme-core" tests="3" disabled="0" errors="0" failures="1">
        <testcase name="parser::tests::parses_header" classname="acme-core" timestamp="2026-09-16T10:00:00.010+00:00" time="0.010">
        </testcase>
        <testcase name="net::tests::reconnects" classname="acme-core" timestamp="2026-09-16T10:00:00.020+00:00" time="0.500">
            <flakyFailure timestamp="2026-09-16T10:00:00.020+00:00" time="0.200" type="test failure">thread 'net::tests::reconnects' panicked at src/net.rs:88:9:
connection refused</flakyFailure>
        </testcase>
        <testcase name="io::tests::writes_file" classname="acme-core" timestamp="2026-09-16T10:00:00.600+00:00" time="0.100">
            <failure type="test failure">thread 'io::tests::writes_file' panicked at src/io.rs:12:5:
assertion failed: path.exists()</failure>
        </testcase>
    </testsuite>
</testsuites>
