<testsuites id="" name="" tests="4" failures="1" skipped="0" errors="0" time="5.2">
<testsuite name="login.spec.ts" timestamp="2026-09-16T10:00:00.000Z" hostname="chromium" tests="2" failures="0" skipped="0" time="2.1" errors="0">
<testcase name="login › shows error on bad password" classname="login.spec.ts" time="1.2">
</testcase>
<testcase name="login › redirects after sign in" classname="login.spec.ts" time="0.9">
</testcase>
</testsuite>
<testsuite name="login.spec.ts" timestamp="2026-09-16T10:00:00.000Z" hostname="firefox" tests="2" failures="1" skipped="0" time="3.1" errors="0">
<testcase name="login › shows error on bad password" classname="login.spec.ts" time="1.2">
</testcase>
<testcase name="login › redirects after sign in" classname="login.spec.ts" time="1.9">
<failure message="login.spec.ts:18:3 redirects after sign in" type="FAILURE">
<![CDATA[  [firefox] › login.spec.ts:18:3 › login › redirects after sign in

    Error: Timed out 5000ms waiting for expect(page).toHaveURL(expected)
]]>
</failure>
</testcase>
</testsuite>
</testsuites>
