<?xml version="1.0" encoding="utf-8"?><testsuites name="pytest tests"><testsuite name="pytest" errors="1" failures="1" skipped="1" tests="4" time="0.123" timestamp="2026-09-16T10:00:00.000000+00:00" hostname="fv-az512-331"><testcase classname="tests.test_api" name="test_create_user" time="0.010" /><testcase classname="tests.test_api" name="test_delete_user" time="0.020"><failure message="AssertionError: assert 500 == 204">def test_delete_user():
&gt;       assert response.status_code == 204
E       AssertionError: assert 500 == 204</failure></testcase><testcase classname="tests.test_db" name="test_migration" time="0.001"><error message="failed on setup with &quot;ConnectionError: db down&quot;">conftest.py:8: ConnectionError</error></testcase><testcase classname="tests.test_db" name="test_slow" time="0.000"><skipped type="pytest.skip" message="slow">/app/tests/test_db.py:12: slow</skipped></testcase></testsuite></testsuites>
