<?xml version="1.0" encoding="UTF-8" ?>
<testsuites name="vitest tests" tests="3" failures="1" errors="0" time="0.8">
    <testsuite name="test/cart.test.ts" timestamp="2026-09-16T10:00:00.000Z" hostname="runner" tests="3" failures="1" errors="0" skipped="0" time="0.02">
        <testcase classname="test/cart.test.ts" name="cart &gt; adds an item" time="0.001">
        </testcase>
        <testcase classname="test/cart.test.ts" name="cart &gt; applies discount" time="0.003">
            <failure message="expected 90 to be 81 // Object.is equality" type="AssertionError">
AssertionError: expected 90 to be 81 // Object.is equality
 ❯ test/cart.test.ts:14:25
            </failure>
        </testcase>
        <testcase classname="test/cart.test.ts" name="cart &gt; empties" time="0.001">
        </testcase>
    </testsuite>
</testsuites>
